Message: no such window: window was already closed
  (Session info: chrome=72.0.3626.121)
  (Driver info: chromedriver=73.0.3683.68 (47787ec04b6e38e22703e856e101e840b65afe72),platform=Mac OS X 10.14.3 x86_64)

Traceback (most recent call last):
  File "sfc.py", line 36, in sfc_lookup
    type_button = driver.wait.until(EC.element_to_be_clickable((By.XPATH, '//*[@id="radiofield-' + str(1018 + type) + '-inputEl"]')))
  File "/usr/local/lib/python3.7/site-packages/selenium/webdriver/support/wait.py", line 71, in until
    value = method(self._driver)
  File "/usr/local/lib/python3.7/site-packages/selenium/webdriver/support/expected_conditions.py", line 297, in __call__
    element = visibility_of_element_located(self.locator)(driver)
  File "/usr/local/lib/python3.7/site-packages/selenium/webdriver/support/expected_conditions.py", line 128, in __call__
    return _element_if_visible(_find_element(driver, self.locator))
  File "/usr/local/lib/python3.7/site-packages/selenium/webdriver/support/expected_conditions.py", line 415, in _find_element
    raise e
  File "/usr/local/lib/python3.7/site-packages/selenium/webdriver/support/expected_conditions.py", line 411, in _find_element
    return driver.find_element(*by)
  File "/usr/local/lib/python3.7/site-packages/selenium/webdriver/remote/webdriver.py", line 978, in find_element
    'value': value})['value']
  File "/usr/local/lib/python3.7/site-packages/selenium/webdriver/remote/webdriver.py", line 321, in execute
    self.error_handler.check_response(response)
  File "/usr/local/lib/python3.7/site-packages/selenium/webdriver/remote/errorhandler.py", line 242, in check_response
    raise exception_class(message, screen, stacktrace)
selenium.common.exceptions.NoSuchWindowException: Message: no such window: window was already closed
  (Session info: chrome=72.0.3626.121)
  (Driver info: chromedriver=73.0.3683.68 (47787ec04b6e38e22703e856e101e840b65afe72),platform=Mac OS X 10.14.3 x86_64)

